[15Jan2026 13:56:56.092] [main/INFO] [cpw.mods.modlauncher.Launcher/MODLAUNCHER]: ModLauncher running: args [--launchTarget, forgeclientdev, --version, 21.1.218, --assetIndex, 17, --assetsDir, C:\\Users\\minec\\.gradle\\caches\\neoformruntime\\assets, --gameDir, ., --fml.fmlVersion, 4.0.42, --fml.mcVersion, 1.21.1, --fml.neoForgeVersion, 21.1.218, --fml.neoFormVersion, 20240808.144430]
[15Jan2026 13:56:56.096] [main/INFO] [cpw.mods.modlauncher.Launcher/MODLAUNCHER]: JVM identified as Eclipse Adoptium OpenJDK 64-Bit Server VM 21.0.6+7-LTS
[15Jan2026 13:56:56.097] [main/INFO] [cpw.mods.modlauncher.Launcher/MODLAUNCHER]: ModLauncher 11.0.5+main.901c6ea8 starting: java version 21.0.6 by Eclipse Adoptium; OS Windows 10 arch amd64 version 10.0
[15Jan2026 13:56:56.200] [main/INFO] [net.neoforged.fml.loading.ImmediateWindowHandler/]: Loading ImmediateWindowProvider fmlearlywindow
[15Jan2026 13:56:56.299] [main/INFO] [EARLYDISPLAY/]: Trying GL version 4.6
[15Jan2026 13:56:56.378] [main/INFO] [EARLYDISPLAY/]: Requested GL version 4.6 got version 4.6
[15Jan2026 13:56:56.476] [main/INFO] [mixin/]: SpongePowered MIXIN Subsystem Version=0.8.7 Source=union:/C:/Users/minec/.gradle/caches/modules-2/files-2.1/net.fabricmc/sponge-mixin/0.15.2+mixin.0.8.7/2af2f021d8e02a0220dc27a7a72b4666d66d44ca/sponge-mixin-0.15.2+mixin.0.8.7.jar%23138!/ Service=ModLauncher Env=CLIENT
[15Jan2026 13:56:56.689] [pool-2-thread-1/INFO] [EARLYDISPLAY/]: GL info: AMD Radeon RX 6750 XT GL version 4.6.0 Core Profile Context 25.10.30.02.250923, ATI Technologies Inc.
[15Jan2026 13:56:56.899] [main/INFO] [net.neoforged.fml.loading.moddiscovery.locators.JarInJarDependencyLocator/]: Found 2 dependencies adding them to mods collection
[15Jan2026 13:56:56.901] [main/INFO] [net.neoforged.fml.loading.moddiscovery.ModDiscoverer/]: 
     Mod List:
		Name Version (Mod Id)

		Curios API 9.5.1+1.21.1 (curios)
		GeckoLib 4 4.8.3 (geckolib)
		Iron Spells Expansion 1.0.0 (ironspellsexpansion)
		Iron's Spells 'n Spellbooks 1.21.1-3.15.0 (irons_spellbooks)
		Minecraft 1.21.1 (minecraft)
		NeoForge 21.1.218 (neoforge)
		Player Animator 2.0.4+1.21.1 (playeranimator)
[15Jan2026 13:56:57.709] [main/INFO] [mixin/]: Compatibility level set to JAVA_21
[15Jan2026 13:56:57.725] [main/INFO] [cpw.mods.modlauncher.LaunchServiceHandler/MODLAUNCHER]: Launching target 'forgeclientdev' with arguments [--version, 21.1.218, --gameDir, ., --assetsDir, C:\Users\minec\.gradle\caches\neoformruntime\assets, --assetIndex, 17]
[15Jan2026 13:56:57.768] [main/WARN] [mixin/]: Reference map 'irons_spellbooks.refmap.json' for irons_spellbooks.mixins.json could not be read. If this is a development environment you can ignore this message
[15Jan2026 13:56:57.769] [main/WARN] [mixin/]: Reference map 'curios.refmap.json' for curios.neoforge.mixins.json could not be read. If this is a development environment you can ignore this message
[15Jan2026 13:56:57.770] [main/WARN] [mixin/]: Reference map 'curios.refmap.json' for curios.mixins.json could not be read. If this is a development environment you can ignore this message
[15Jan2026 13:56:57.770] [main/WARN] [mixin/]: Reference map 'geckolib.refmap.json' for geckolib.mixins.json could not be read. If this is a development environment you can ignore this message
[15Jan2026 13:56:58.105] [main/INFO] [MixinExtras|Service/]: Initializing MixinExtras via com.llamalad7.mixinextras.service.MixinExtrasServiceImpl(version=0.5.0).
[15Jan2026 13:56:59.757] [Datafixer Bootstrap/INFO] [com.mojang.datafixers.DataFixerBuilder/]: 229 Datafixer optimizations took 443 milliseconds
[15Jan2026 13:57:04.036] [main/WARN] [net.minecraft.commands.Commands/]: Ambiguity between arguments [teleport, location] and [teleport, destination] with inputs: [0.1 -0.5 .9, 0 0 0]
[15Jan2026 13:57:04.038] [main/WARN] [net.minecraft.commands.Commands/]: Ambiguity between arguments [teleport, location] and [teleport, targets] with inputs: [0.1 -0.5 .9, 0 0 0]
[15Jan2026 13:57:04.040] [main/WARN] [net.minecraft.commands.Commands/]: Ambiguity between arguments [teleport, destination] and [teleport, targets] with inputs: [Player, 0123, @e, dd12be42-52a9-4a91-a8a1-11c01849e498]
[15Jan2026 13:57:04.041] [main/WARN] [net.minecraft.commands.Commands/]: Ambiguity between arguments [teleport, targets] and [teleport, destination] with inputs: [Player, 0123, dd12be42-52a9-4a91-a8a1-11c01849e498]
[15Jan2026 13:57:04.042] [main/WARN] [net.minecraft.commands.Commands/]: Ambiguity between arguments [teleport, targets, location] and [teleport, targets, destination] with inputs: [0.1 -0.5 .9, 0 0 0]
[15Jan2026 13:57:04.142] [Render thread/WARN] [net.minecraft.server.packs.VanillaPackResourcesBuilder/]: Assets URL 'union:/F:/modding%20bullshit/flipjecraft/ironspellsexpansion/build/moddev/artifacts/neoforge-21.1.218.jar%23189!/assets/.mcassetsroot' uses unexpected schema
[15Jan2026 13:57:04.142] [Render thread/WARN] [net.minecraft.server.packs.VanillaPackResourcesBuilder/]: Assets URL 'union:/F:/modding%20bullshit/flipjecraft/ironspellsexpansion/build/moddev/artifacts/neoforge-21.1.218.jar%23189!/data/.mcassetsroot' uses unexpected schema
[15Jan2026 13:57:04.164] [Render thread/INFO] [com.mojang.authlib.yggdrasil.YggdrasilAuthenticationService/]: Environment: Environment[sessionHost=https://sessionserver.mojang.com, servicesHost=https://api.minecraftservices.com, name=PROD]
[15Jan2026 13:57:04.172] [Render thread/INFO] [net.minecraft.client.Minecraft/]: Setting user: Dev
[15Jan2026 13:57:04.233] [Render thread/INFO] [net.minecraft.client.Minecraft/]: Backend library: LWJGL version 3.3.3+5
[15Jan2026 13:57:04.443] [modloading-worker-0/INFO] [net.neoforged.neoforge.common.NeoForgeMod/NEOFORGE-MOD]: NeoForge mod loading, version 21.1.218, for MC 1.21.1
[15Jan2026 13:57:05.495] [Render thread/INFO] [net.neoforged.neoforge.gametest.GameTestHooks/]: Enabled Gametest Namespaces: [ironspellsexpansion]
[15Jan2026 13:57:05.820] [Render thread/INFO] [net.minecraft.server.packs.resources.ReloadableResourceManager/]: Reloading ResourceManager: vanilla, mod_resources, mod/irons_spellbooks, mod/curios, mod/geckolib, mod/playeranimator, mod/neoforge, mod/ironspellsexpansion
[15Jan2026 13:57:05.834] [Worker-Main-6/INFO] [com.otherpatrick.ironspellsexpansion.IronSpellsExpansion/]: HELLO FROM COMMON SETUP
[15Jan2026 13:57:05.835] [Worker-Main-6/INFO] [com.otherpatrick.ironspellsexpansion.IronSpellsExpansion/]: DIRT BLOCK >> minecraft:dirt
[15Jan2026 13:57:05.835] [Worker-Main-6/INFO] [com.otherpatrick.ironspellsexpansion.IronSpellsExpansion/]: The magic number is... 42
[15Jan2026 13:57:05.835] [Worker-Main-6/INFO] [com.otherpatrick.ironspellsexpansion.IronSpellsExpansion/]: ITEM >> minecraft:iron_ingot
[15Jan2026 13:57:05.847] [Worker-Main-2/WARN] [GeckoLib/]: Found animation file with improper file name format; animation files should end in .animation.json: 'irons_spellbooks:animations/casting_animations.json'
[15Jan2026 13:57:05.847] [Worker-Main-9/WARN] [GeckoLib/]: Found animation file with improper file name format; animation files should end in .animation.json: 'irons_spellbooks:animations/root_animations.json'
[15Jan2026 13:57:05.847] [Worker-Main-8/WARN] [GeckoLib/]: Found animation file with improper file name format; animation files should end in .animation.json: 'irons_spellbooks:animations/ice_block_animations.json'
[15Jan2026 13:57:05.855] [Worker-Main-4/WARN] [GeckoLib/]: Found animation file with improper file name format; animation files should end in .animation.json: 'irons_spellbooks:animations/spectral_hammer.json'
[15Jan2026 13:57:05.882] [Worker-Main-6/WARN] [GeckoLib/]: Found animation file with improper file name format; animation files should end in .animation.json: 'irons_spellbooks:animations/void_tentacle_animations.json'
[15Jan2026 13:57:05.882] [Worker-Main-3/WARN] [GeckoLib/]: Found animation file with improper file name format; animation files should end in .animation.json: 'irons_spellbooks:animations/summoned_weapon_animations.json'
[15Jan2026 13:57:05.892] [Worker-Main-8/WARN] [GeckoLib/]: Found animation file with improper file name format; animation files should end in .animation.json: 'irons_spellbooks:animations/wizard_armor_animation.json'
[15Jan2026 13:57:05.920] [Worker-Main-10/INFO] [com.otherpatrick.ironspellsexpansion.IronSpellsExpansion/]: HELLO FROM CLIENT SETUP
[15Jan2026 13:57:05.920] [Worker-Main-10/INFO] [com.otherpatrick.ironspellsexpansion.IronSpellsExpansion/]: MINECRAFT NAME >> Dev
[15Jan2026 13:57:05.967] [Worker-Main-6/INFO] [net.minecraft.client.gui.font.providers.UnihexProvider/]: Found unifont_all_no_pua-15.1.05.hex, loading
[15Jan2026 13:57:06.065] [Worker-Main-9/WARN] [net.minecraft.client.sounds.SoundManager/]: File irons_spellbooks:sounds/dead_king/music/drums.ogg does not exist, cannot add it to event irons_spellbooks:entity.dead_king.music.drum_loop
[15Jan2026 13:57:06.065] [Worker-Main-9/WARN] [net.minecraft.client.sounds.SoundManager/]: File irons_spellbooks:sounds/dead_king/music/finale.ogg does not exist, cannot add it to event irons_spellbooks:entity.dead_king.music.finale
[15Jan2026 13:57:06.158] [Worker-Main-1/INFO] [net.minecraft.client.gui.font.providers.UnihexProvider/]: Found unifont_jp_patch-15.1.05.hex, loading
[15Jan2026 13:57:06.176] [Worker-Main-5/WARN] [net.minecraft.client.renderer.texture.SpriteContents/]: Unused frames in sprite irons_spellbooks:item/upgrade_orb_ender: [1, 5, 6, 7]
[15Jan2026 13:57:06.188] [Worker-Main-10/WARN] [net.minecraft.client.renderer.texture.SpriteContents/]: Unused frames in sprite irons_spellbooks:item/energized_core_energy: [11]
[15Jan2026 13:57:06.730] [Worker-Main-2/WARN] [net.minecraft.client.resources.model.BlockStateModelLoader/]: Exception loading blockstate definition: 'ironspellsexpansion:blockstates/example_block.json' missing model for variant: 'ironspellsexpansion:example_block#'
[15Jan2026 13:57:06.734] [Worker-Main-2/WARN] [net.minecraft.client.resources.model.ModelBakery/]: Unable to load model: 'ironspellsexpansion:item/example_block' referenced from: ironspellsexpansion:item/example_block: java.io.FileNotFoundException: ironspellsexpansion:models/item/example_block.json
[15Jan2026 13:57:06.735] [Worker-Main-2/WARN] [net.minecraft.client.resources.model.ModelBakery/]: Unable to load model: 'ironspellsexpansion:item/example_item' referenced from: ironspellsexpansion:item/example_item: java.io.FileNotFoundException: ironspellsexpansion:models/item/example_item.json
[15Jan2026 13:57:06.738] [Worker-Main-2/WARN] [net.minecraft.client.resources.model.ModelBakery/]: Unable to load model: 'irons_spellbooks:item/template_open_spell_book_model' referenced from: irons_spellbooks:item/template_open_spell_book_model: java.io.FileNotFoundException: irons_spellbooks:models/item/template_open_spell_book_model.json
[15Jan2026 13:57:07.243] [Worker-Main-1/INFO] [io.redspace.ironsspellbooks.IronsSpellbooks/]: Got IMC []
[15Jan2026 13:57:07.396] [Render thread/WARN] [net.minecraft.client.sounds.SoundEngine/]: Missing sound for event: minecraft:item.goat_horn.play
[15Jan2026 13:57:07.396] [Render thread/WARN] [net.minecraft.client.sounds.SoundEngine/]: Missing sound for event: minecraft:entity.goat.screaming.horn_break
[15Jan2026 13:57:07.397] [Render thread/WARN] [net.minecraft.client.sounds.SoundEngine/]: Missing sound for event: irons_spellbooks:entity.generic.swing_weird
[15Jan2026 13:57:07.447] [Render thread/INFO] [com.mojang.blaze3d.audio.Library/]: OpenAL initialized on device OpenAL Soft on Speakers (High Definition Audio Device)
[15Jan2026 13:57:07.448] [Render thread/INFO] [net.minecraft.client.sounds.SoundEngine/SOUNDS]: Sound engine started
[15Jan2026 13:57:07.566] [Render thread/INFO] [net.minecraft.client.renderer.texture.TextureAtlas/]: Created: 1024x1024x4 minecraft:textures/atlas/blocks.png-atlas
[15Jan2026 13:57:07.575] [Render thread/INFO] [net.minecraft.client.renderer.texture.TextureAtlas/]: Created: 256x256x4 minecraft:textures/atlas/signs.png-atlas
[15Jan2026 13:57:07.575] [Render thread/INFO] [net.minecraft.client.renderer.texture.TextureAtlas/]: Created: 512x512x4 minecraft:textures/atlas/shield_patterns.png-atlas
[15Jan2026 13:57:07.576] [Render thread/INFO] [net.minecraft.client.renderer.texture.TextureAtlas/]: Created: 512x512x4 minecraft:textures/atlas/banner_patterns.png-atlas
[15Jan2026 13:57:07.580] [Render thread/INFO] [net.minecraft.client.renderer.texture.TextureAtlas/]: Created: 1024x1024x4 minecraft:textures/atlas/armor_trims.png-atlas
[15Jan2026 13:57:07.591] [Render thread/INFO] [net.minecraft.client.renderer.texture.TextureAtlas/]: Created: 128x64x4 minecraft:textures/atlas/decorated_pot.png-atlas
[15Jan2026 13:57:07.591] [Render thread/INFO] [net.minecraft.client.renderer.texture.TextureAtlas/]: Created: 256x256x4 minecraft:textures/atlas/chest.png-atlas
[15Jan2026 13:57:07.591] [Render thread/INFO] [net.minecraft.client.renderer.texture.TextureAtlas/]: Created: 512x256x4 minecraft:textures/atlas/beds.png-atlas
[15Jan2026 13:57:07.592] [Render thread/INFO] [net.minecraft.client.renderer.texture.TextureAtlas/]: Created: 512x256x4 minecraft:textures/atlas/shulker_boxes.png-atlas
[15Jan2026 13:57:07.678] [Render thread/INFO] [net.minecraft.client.renderer.texture.TextureAtlas/]: Created: 512x512x0 minecraft:textures/atlas/particles.png-atlas
[15Jan2026 13:57:07.680] [Render thread/INFO] [net.minecraft.client.renderer.texture.TextureAtlas/]: Created: 512x256x0 minecraft:textures/atlas/paintings.png-atlas
[15Jan2026 13:57:07.680] [Render thread/INFO] [net.minecraft.client.renderer.texture.TextureAtlas/]: Created: 256x128x0 minecraft:textures/atlas/mob_effects.png-atlas
[15Jan2026 13:57:07.681] [Render thread/INFO] [net.minecraft.client.renderer.texture.TextureAtlas/]: Created: 64x64x0 minecraft:textures/atlas/map_decorations.png-atlas
[15Jan2026 13:57:07.681] [Render thread/INFO] [net.minecraft.client.renderer.texture.TextureAtlas/]: Created: 1024x1024x0 minecraft:textures/atlas/gui.png-atlas
[15Jan2026 13:57:07.707] [Render thread/WARN] [net.minecraft.client.renderer.ShaderInstance/]: Shader rendertype_entity_translucent_emissive could not find sampler named Sampler2 in the specified shader program.
[15Jan2026 13:57:07.844] [Render thread/INFO] [net.neoforged.neoforge.client.entity.animation.json.AnimationLoader/]: Loaded 0 entity animations
[15Jan2026 13:57:49.113] [Render thread/INFO] [net.minecraft.client.Minecraft/]: Stopping!
